Build started 02/11/2013 01:39:58.
     1>Project "C:\WarZ\WarZ Utils\Titan GameGuard\Sourcer.vcxproj" on node 2 (build target(s)).
     1>InitializeBuildStatus:
         Creating "Debug\Sourcer.unsuccessfulbuild" because "AlwaysCreate" was specified.
       ClCompile:
         C:\Program Files (x86)\Microsoft Visual Studio 10.0\VC\bin\CL.exe /c /Zi /nologo /W3 /WX- /Od /Oy- /D WIN32 /D _DEBUG /D _WINDOWS /D _USRDLL /D SOURCER_EXPORTS /D _WINDLL /Gm /EHsc /RTC1 /MDd /GS /fp:precise /Zc:wchar_t /Zc:forScope /Fo"Debug\\" /Fd"Debug\vc100.pdb" /Gd /TP /analyze- /errorReport:prompt AntiInjection.cpp AntiSB.cpp CheckFiles.cpp Dumping.cpp main.cpp MD5.cpp MD5Wrapper.cpp MemoryEdit.cpp Searching.cpp SearchWindow.cpp Splash.cpp
         Splash.cpp
     1>Splash.cpp(23): warning C4005: 'LWA_COLORKEY' : macro redefinition
                 C:\Program Files (x86)\Microsoft SDKs\Windows\v7.0A\include\winuser.h(4024) : see previous definition of 'LWA_COLORKEY'
     1>Splash.cpp(24): warning C4005: 'LWA_ALPHA' : macro redefinition
                 C:\Program Files (x86)\Microsoft SDKs\Windows\v7.0A\include\winuser.h(4025) : see previous definition of 'LWA_ALPHA'
         SearchWindow.cpp
     1>SearchWindow.cpp(27): warning C4996: 'sprintf': This function or variable may be unsafe. Consider using sprintf_s instead. To disable deprecation, use _CRT_SECURE_NO_WARNINGS. See online help for details.
                 C:\Program Files (x86)\Microsoft Visual Studio 10.0\VC\include\stdio.h(371) : see declaration of 'sprintf'
     1>SearchWindow.cpp(33): warning C4996: 'sprintf': This function or variable may be unsafe. Consider using sprintf_s instead. To disable deprecation, use _CRT_SECURE_NO_WARNINGS. See online help for details.
                 C:\Program Files (x86)\Microsoft Visual Studio 10.0\VC\include\stdio.h(371) : see declaration of 'sprintf'
         Searching.cpp
     1>Searching.cpp(74): warning C4996: 'sprintf': This function or variable may be unsafe. Consider using sprintf_s instead. To disable deprecation, use _CRT_SECURE_NO_WARNINGS. See online help for details.
                 C:\Program Files (x86)\Microsoft Visual Studio 10.0\VC\include\stdio.h(371) : see declaration of 'sprintf'
         MemoryEdit.cpp
     1>MemoryEdit.cpp(130): warning C4996: 'sprintf': This function or variable may be unsafe. Consider using sprintf_s instead. To disable deprecation, use _CRT_SECURE_NO_WARNINGS. See online help for details.
                 C:\Program Files (x86)\Microsoft Visual Studio 10.0\VC\include\stdio.h(371) : see declaration of 'sprintf'
     1>MemoryEdit.cpp(129): warning C4101: 'Active' : unreferenced local variable
         MD5Wrapper.cpp
     1>MD5Wrapper.cpp(60): warning C4996: 'sprintf': This function or variable may be unsafe. Consider using sprintf_s instead. To disable deprecation, use _CRT_SECURE_NO_WARNINGS. See online help for details.
                 C:\Program Files (x86)\Microsoft Visual Studio 10.0\VC\include\stdio.h(371) : see declaration of 'sprintf'
     1>MD5Wrapper.cpp(109): warning C4996: 'fopen': This function or variable may be unsafe. Consider using fopen_s instead. To disable deprecation, use _CRT_SECURE_NO_WARNINGS. See online help for details.
                 C:\Program Files (x86)\Microsoft Visual Studio 10.0\VC\include\stdio.h(234) : see declaration of 'fopen'
         MD5.cpp
         main.cpp
         Dumping.cpp
         CheckFiles.cpp
         AntiSB.cpp
         AntiInjection.cpp
         Generating Code...
       ResourceCompile:
         C:\Program Files (x86)\Microsoft SDKs\Windows\v7.0A\bin\rc.exe /l"0x0409" /nologo /fo"Debug\Sourcer.res" Sourcer.rc 
       ManifestResourceCompile:
         C:\Program Files (x86)\Microsoft SDKs\Windows\v7.0A\bin\rc.exe /nologo /fo"Debug\Sourcer.dll.embed.manifest.res" Debug\Sourcer_manifest.rc 
       Link:
         C:\Program Files (x86)\Microsoft Visual Studio 10.0\VC\bin\link.exe /ERRORREPORT:PROMPT /OUT:"C:\WarZ\WarZ Utils\Titan GameGuard\Debug\Sourcer.dll" /INCREMENTAL /NOLOGO kernel32.lib user32.lib gdi32.lib winspool.lib comdlg32.lib advapi32.lib shell32.lib ole32.lib oleaut32.lib uuid.lib odbc32.lib odbccp32.lib /MANIFEST /ManifestFile:"Debug\Sourcer.dll.intermediate.manifest" /MANIFESTUAC:"level='asInvoker' uiAccess='false'" /DEBUG /PDB:"C:\WarZ\WarZ Utils\Titan GameGuard\Debug\Sourcer.pdb" /SUBSYSTEM:WINDOWS /TLBID:1 /DYNAMICBASE /NXCOMPAT /IMPLIB:"C:\WarZ\WarZ Utils\Titan GameGuard\Debug\Sourcer.lib" /MACHINE:X86 /DLL Debug\Sourcer.res
         Debug\Sourcer.dll.embed.manifest.res
         Debug\AntiInjection.obj
         Debug\AntiSB.obj
         Debug\CheckFiles.obj
         Debug\Dumping.obj
         Debug\main.obj
         Debug\MD5.obj
         Debug\MD5Wrapper.obj
         Debug\MemoryEdit.obj
         Debug\Searching.obj
         Debug\SearchWindow.obj
         Debug\Splash.obj
            Creating library C:\WarZ\WarZ Utils\Titan GameGuard\Debug\Sourcer.lib and object C:\WarZ\WarZ Utils\Titan GameGuard\Debug\Sourcer.exp
     1>LINK : fatal error LNK1123: failure during conversion to COFF: file invalid or corrupt
     1>Done Building Project "C:\WarZ\WarZ Utils\Titan GameGuard\Sourcer.vcxproj" (build target(s)) -- FAILED.

Build FAILED.

Time Elapsed 00:00:08.76
