C:\WARZ\WARZ UTILS\TITAN GAMEGUARD\RELEASE\ANTIINJECTION.OBJ
C:\WARZ\WARZ UTILS\TITAN GAMEGUARD\RELEASE\ANTISB.OBJ
C:\WARZ\WARZ UTILS\TITAN GAMEGUARD\RELEASE\CHECKFILES.OBJ
C:\WarZ\WarZ Utils\Titan GameGuard\Release\cl.command.1.tlog
C:\WarZ\WarZ Utils\Titan GameGuard\Release\CL.read.1.tlog
C:\WarZ\WarZ Utils\Titan GameGuard\Release\CL.write.1.tlog
C:\WARZ\WARZ UTILS\TITAN GAMEGUARD\RELEASE\DUMPING.OBJ
C:\WarZ\WarZ Utils\Titan GameGuard\Release\link.command.1.tlog
C:\WarZ\WarZ Utils\Titan GameGuard\Release\link.read.1.tlog
C:\WarZ\WarZ Utils\Titan GameGuard\Release\link.write.1.tlog
C:\WARZ\WARZ UTILS\TITAN GAMEGUARD\RELEASE\MAIN.OBJ
C:\WARZ\WARZ UTILS\TITAN GAMEGUARD\RELEASE\MD5.OBJ
C:\WARZ\WARZ UTILS\TITAN GAMEGUARD\RELEASE\MD5WRAPPER.OBJ
C:\WARZ\WARZ UTILS\TITAN GAMEGUARD\RELEASE\MEMORYEDIT.OBJ
C:\WarZ\WarZ Utils\Titan GameGuard\Release\rc.command.1.tlog
C:\WarZ\WarZ Utils\Titan GameGuard\Release\rc.read.1.tlog
C:\WarZ\WarZ Utils\Titan GameGuard\Release\rc.write.1.tlog
C:\WARZ\WARZ UTILS\TITAN GAMEGUARD\RELEASE\SEARCHING.OBJ
C:\WARZ\WARZ UTILS\TITAN GAMEGUARD\RELEASE\SEARCHWINDOW.OBJ
C:\WarZ\WarZ Utils\Titan GameGuard\Release\Sourcer.dll.embed.manifest
C:\WARZ\WARZ UTILS\TITAN GAMEGUARD\RELEASE\SOURCER.DLL.EMBED.MANIFEST.RES
C:\WarZ\WarZ Utils\Titan GameGuard\Release\Sourcer.exp
C:\WARZ\WARZ UTILS\TITAN GAMEGUARD\RELEASE\SOURCER.RES
C:\WarZ\WarZ Utils\Titan GameGuard\Release\Sourcer.vcxprojResolveAssemblyReference.cache
C:\WarZ\WarZ Utils\Titan GameGuard\Release\Sourcer.write.1.tlog
C:\WarZ\WarZ Utils\Titan GameGuard\Release\Sourcer_manifest.rc
C:\WARZ\WARZ UTILS\TITAN GAMEGUARD\RELEASE\SPLASH.OBJ
C:\WARZ\WARZ UTILS\TITAN GAMEGUARD\RELEASE\VC100.PDB
